f:\github\studydiary\graphics\openglproject\qtquicklightdrawing\x64\debug\vc143.pdb
f:\github\studydiary\graphics\openglproject\qtquicklightdrawing\x64\debug\qrc_qml.obj
f:\github\studydiary\graphics\openglproject\qtquicklightdrawing\x64\debug\fboinsgrenderer.obj
f:\github\studydiary\graphics\openglproject\qtquicklightdrawing\x64\debug\main.obj
f:\github\studydiary\graphics\openglproject\qtquicklightdrawing\x64\debug\moc_fboinsgrenderer.obj
f:\github\studydiary\graphics\openglproject\qtquicklightdrawing\x64\debug\qtquickbasicgraphicsdrawing.exe
f:\github\studydiary\graphics\openglproject\qtquicklightdrawing\x64\debug\qtquickbasicgraphicsdrawing.ilk
f:\github\studydiary\graphics\openglproject\qtquicklightdrawing\x64\debug\qtquickbasicgraphicsdrawing.pdb
f:\github\studydiary\graphics\openglproject\qtquicklightdrawing\x64\debug\moc\moc_fboinsgrenderer.cpp
f:\github\studydiary\graphics\openglproject\qtquicklightdrawing\x64\debug\rcc\qrc_qml.cpp
f:\github\studydiary\graphics\openglproject\qtquicklightdrawing\x64\debug\qtquickb.573d1588.tlog\cl.command.1.tlog
f:\github\studydiary\graphics\openglproject\qtquicklightdrawing\x64\debug\qtquickb.573d1588.tlog\cl.read.1.tlog
f:\github\studydiary\graphics\openglproject\qtquicklightdrawing\x64\debug\qtquickb.573d1588.tlog\cl.write.1.tlog
f:\github\studydiary\graphics\openglproject\qtquicklightdrawing\x64\debug\qtquickb.573d1588.tlog\link.command.1.tlog
f:\github\studydiary\graphics\openglproject\qtquicklightdrawing\x64\debug\qtquickb.573d1588.tlog\link.read.1.tlog
f:\github\studydiary\graphics\openglproject\qtquicklightdrawing\x64\debug\qtquickb.573d1588.tlog\link.write.1.tlog
f:\github\studydiary\graphics\openglproject\qtquicklightdrawing\x64\debug\qtquickb.573d1588.tlog\moc.read.1u.tlog
f:\github\studydiary\graphics\openglproject\qtquicklightdrawing\x64\debug\qtquickb.573d1588.tlog\moc.write.1u.tlog
f:\github\studydiary\graphics\openglproject\qtquicklightdrawing\x64\debug\qtquickb.573d1588.tlog\qtquickbasicgraphicsdrawing.write.1u.tlog
f:\github\studydiary\graphics\openglproject\qtquicklightdrawing\x64\debug\qtquickb.573d1588.tlog\rcc.read.1u.tlog
f:\github\studydiary\graphics\openglproject\qtquicklightdrawing\x64\debug\qtquickb.573d1588.tlog\rcc.write.1u.tlog
